<?xml version="1.0" encoding="UTF-8"?>
<testsuite name="com.lc.spittr.web.SpitterControllerTest" tests="1" skipped="0" failures="0" errors="0" timestamp="2022-01-24T12:37:14" hostname="DESKTOP-NPDILRQ" time="3.945">
  <properties/>
  <testcase name="shouldFailValidationWithNoData" classname="com.lc.spittr.web.SpitterControllerTest" time="3.945"/>
  <system-out><![CDATA[]]></system-out>
  <system-err><![CDATA[一月 24, 2022 8:37:17 下午 org.hibernate.validator.internal.util.Version <clinit>
INFO: HV000001: Hibernate Validator 5.0.1.Final
一月 24, 2022 8:37:17 下午 org.springframework.mock.web.MockServletContext log
信息: Initializing Spring TestDispatcherServlet ''
一月 24, 2022 8:37:18 下午 org.springframework.web.servlet.FrameworkServlet initServletBean
信息: Initializing Servlet ''
一月 24, 2022 8:37:18 下午 org.springframework.web.servlet.FrameworkServlet initServletBean
信息: Completed initialization in 20 ms
]]></system-err>
</testsuite>
